<?xml version="1.0" encoding="UTF-8"?>
<!-- Generated by org.testng.reporters.JUnitReportReporter -->
<testsuite hostname="DESKTOP-7FB3P12" failures="0" tests="3" name="Practice.DataProviderThree1" time="0.019" errors="0" timestamp="2023-05-25T12:38:03 IST" skipped="0">
  <testcase classname="Practice.DataProviderThree1" name="getData" time="0.005"/>
  <system-out/>
  <testcase classname="Practice.DataProviderThree1" name="getData" time="0.011"/>
  <system-out/>
  <testcase classname="Practice.DataProviderThree1" name="getData" time="0.003"/>
  <system-out/>
</testsuite> <!-- Practice.DataProviderThree1 -->
