<?xml version="1.0" encoding="UTF-8"?>
<!-- Generated by org.testng.reporters.JUnitReportReporter -->
<testsuite hostname="DESKTOP-7FB3P12" failures="0" tests="1" name="com.education.Student.EditStudentTest" time="17.159" errors="0" timestamp="2023-05-29T12:33:25 IST" skipped="0">
  <testcase classname="com.education.Student.EditStudentTest" name="editStudent" time="17.159"/>
  <system-out>
    <![CDATA[admin dashboard page is displaying
all student page is displayed
student information is updated]]>
  </system-out>
</testsuite> <!-- com.education.Student.EditStudentTest -->
