<?xml version="1.0" encoding="UTF-8"?>
<!-- Generated by org.testng.reporters.JUnitReportReporter -->
<testsuite hostname="DESKTOP-7FB3P12" failures="0" tests="2" name="Practice.DataProviderTest" time="0.023" errors="0" timestamp="2023-05-23T17:49:53 IST" skipped="0">
  <testcase classname="Practice.DataProviderTest" name="getData" time="0.020"/>
  <system-out/>
  <testcase classname="Practice.DataProviderTest" name="getData" time="0.003"/>
  <system-out/>
</testsuite> <!-- Practice.DataProviderTest -->
