<?xml version="1.0" encoding="UTF-8"?>
<!-- Generated by org.testng.reporters.JUnitReportReporter -->
<testsuite hostname="DESKTOP-7FB3P12" failures="0" tests="4" name="Practice.DataProviderFour" time="0.042" errors="0" timestamp="2023-05-23T22:36:24 IST" skipped="0">
  <testcase classname="Practice.DataProviderFour" name="getData" time="0.031"/>
  <system-out/>
  <testcase classname="Practice.DataProviderFour" name="getData" time="0.004"/>
  <system-out/>
  <testcase classname="Practice.DataProviderFour" name="getData" time="0.003"/>
  <system-out/>
  <testcase classname="Practice.DataProviderFour" name="getData" time="0.004"/>
  <system-out/>
</testsuite> <!-- Practice.DataProviderFour -->
