<?xml version="1.0" encoding="UTF-8"?>
<!-- Generated by org.testng.reporters.JUnitReportReporter -->
<testsuite hostname="DESKTOP-7FB3P12" failures="0" tests="4" name="Practice.DataProviderFour1" time="0.013" errors="0" timestamp="2023-05-25T12:38:03 IST" skipped="0">
  <testcase classname="Practice.DataProviderFour1" name="getData" time="0.007"/>
  <system-out/>
  <testcase classname="Practice.DataProviderFour1" name="getData" time="0.003"/>
  <system-out/>
  <testcase classname="Practice.DataProviderFour1" name="getData" time="0.001"/>
  <system-out/>
  <testcase classname="Practice.DataProviderFour1" name="getData" time="0.002"/>
  <system-out/>
</testsuite> <!-- Practice.DataProviderFour1 -->
