<?xml version="1.0" encoding="UTF-8"?>
<!-- Generated by org.testng.reporters.JUnitReportReporter -->
<testsuite hostname="DESKTOP-7FB3P12" failures="0" tests="1" name="com.education.Student.AddStudentTest" time="18.869" errors="0" timestamp="2023-05-29T14:48:56 IST" skipped="0">
  <testcase classname="com.education.Student.AddStudentTest" name="addStudent" time="18.869"/>
  <system-out>
    <![CDATA[admin dashboard is displaying
add student page is displaying
student is created]]>
  </system-out>
</testsuite> <!-- com.education.Student.AddStudentTest -->
