<?xml version="1.0" encoding="UTF-8"?>
<!-- Generated by org.testng.reporters.JUnitReportReporter -->
<testsuite hostname="DESKTOP-7FB3P12" failures="0" tests="1" name="com.education.Student.CreateSubjectRoutingTest" time="46.076" errors="0" timestamp="2023-05-29T12:33:25 IST" skipped="0">
  <testcase classname="com.education.Student.CreateSubjectRoutingTest" name="createSubjectRouting" time="46.076"/>
  <system-out>
    <![CDATA[admin dashboard is displaying
add subject page is displayed
add clssroom page is displayed
subject routing page is displaying
subject routing is added]]>
  </system-out>
</testsuite> <!-- com.education.Student.CreateSubjectRoutingTest -->
