<?xml version="1.0" encoding="UTF-8"?>
<!-- Generated by org.testng.reporters.JUnitReportReporter -->
<testsuite hostname="DESKTOP-7FB3P12" failures="0" tests="3" name="Practice.TestngPractice" time="0.019" errors="0" timestamp="2023-05-25T12:38:03 IST" skipped="0">
  <testcase classname="Practice.TestngPractice" name="deleteStudent" time="0.010"/>
  <system-out/>
  <testcase classname="Practice.TestngPractice" name="createStudent" time="0.004"/>
  <system-out/>
  <testcase classname="Practice.TestngPractice" name="editStudent" time="0.005"/>
  <system-out/>
</testsuite> <!-- Practice.TestngPractice -->
