<?xml version="1.0" encoding="UTF-8"?>
<!-- Generated by org.testng.reporters.JUnitReportReporter -->
<testsuite hostname="DESKTOP-7FB3P12" failures="0" tests="4" name="Practice.DataProviderFive" time="0.049" errors="0" timestamp="2023-05-23T22:47:46 IST" skipped="0">
  <testcase classname="Practice.DataProviderFive" name="getData" time="0.033"/>
  <system-out/>
  <testcase classname="Practice.DataProviderFive" name="getData" time="0.004"/>
  <system-out/>
  <testcase classname="Practice.DataProviderFive" name="getData" time="0.009"/>
  <system-out/>
  <testcase classname="Practice.DataProviderFive" name="getData" time="0.003"/>
  <system-out/>
</testsuite> <!-- Practice.DataProviderFive -->
