<?xml version="1.0" encoding="UTF-8"?>
<!-- Generated by org.testng.reporters.JUnitReportReporter -->
<testsuite hostname="DESKTOP-7FB3P12" failures="0" tests="3" name="Practice.DataProviderPracticeExcelTest" time="0.012" errors="0" timestamp="2023-05-25T12:38:03 IST" skipped="0">
  <testcase classname="Practice.DataProviderPracticeExcelTest" name="test" time="0.004"/>
  <system-out/>
  <testcase classname="Practice.DataProviderPracticeExcelTest" name="test" time="0.005"/>
  <system-out/>
  <testcase classname="Practice.DataProviderPracticeExcelTest" name="test" time="0.003"/>
  <system-out/>
</testsuite> <!-- Practice.DataProviderPracticeExcelTest -->
