<?xml version="1.0" encoding="UTF-8"?>
<!-- Generated by org.testng.reporters.JUnitReportReporter -->
<testsuite hostname="DESKTOP-7FB3P12" failures="0" tests="3" name="Practice.DataProviderPracticeExcel" time="0.036" errors="0" timestamp="2023-05-24T11:15:40 IST" skipped="0">
  <testcase classname="Practice.DataProviderPracticeExcel" name="test" time="0.006"/>
  <system-out/>
  <testcase classname="Practice.DataProviderPracticeExcel" name="test" time="0.024"/>
  <system-out/>
  <testcase classname="Practice.DataProviderPracticeExcel" name="test" time="0.006"/>
  <system-out/>
</testsuite> <!-- Practice.DataProviderPracticeExcel -->
