<?xml version="1.0" encoding="UTF-8"?>
<!-- Generated by org.testng.reporters.JUnitReportReporter -->
<testsuite hostname="DESKTOP-7FB3P12" failures="0" tests="3" name="Practice.DataProviderThree" time="0.032" errors="0" timestamp="2023-05-23T22:27:22 IST" skipped="0">
  <testcase classname="Practice.DataProviderThree" name="getData" time="0.005"/>
  <system-out/>
  <testcase classname="Practice.DataProviderThree" name="getData" time="0.025"/>
  <system-out/>
  <testcase classname="Practice.DataProviderThree" name="getData" time="0.002"/>
  <system-out/>
</testsuite> <!-- Practice.DataProviderThree -->
