<?xml version="1.0" encoding="UTF-8"?>
<testng-results ignored="0" total="1" passed="1" failed="0" skipped="0">
  <reporter-output>
    <line>
      <![CDATA[admin dashboard is displaying]]>
    </line>
    <line>
      <![CDATA[add student page is displaying]]>
    </line>
    <line>
      <![CDATA[student is created]]>
    </line>
  </reporter-output>
  <suite started-at="2023-05-29T14:48:30 IST" name="Default suite" finished-at="2023-05-29T14:48:56 IST" duration-ms="25932">
    <groups>
      <group name="smokeTest">
        <method signature="AddStudentTest.addStudent()[pri:0, instance:com.education.Student.AddStudentTest@79e2c065]" name="addStudent" class="com.education.Student.AddStudentTest"/>
      </group> <!-- smokeTest -->
    </groups>
    <test started-at="2023-05-29T14:48:30 IST" name="Default test" finished-at="2023-05-29T14:48:56 IST" duration-ms="25932">
      <class name="com.education.Student.AddStudentTest">
        <test-method is-config="true" signature="BS()[pri:0, instance:com.education.Student.AddStudentTest@79e2c065]" started-at="2023-05-29T14:48:30 IST" name="BS" finished-at="2023-05-29T14:48:30 IST" duration-ms="14" status="PASS">
          <reporter-output>
          </reporter-output>
        </test-method> <!-- BS -->
        <test-method is-config="true" signature="BClass()[pri:0, instance:com.education.Student.AddStudentTest@79e2c065]" started-at="2023-05-29T14:48:30 IST" name="BClass" finished-at="2023-05-29T14:48:35 IST" duration-ms="5436" status="PASS">
          <reporter-output>
          </reporter-output>
        </test-method> <!-- BClass -->
        <test-method is-config="true" signature="BM()[pri:0, instance:com.education.Student.AddStudentTest@79e2c065]" started-at="2023-05-29T14:48:35 IST" name="BM" finished-at="2023-05-29T14:48:43 IST" duration-ms="7939" status="PASS">
          <reporter-output>
          </reporter-output>
        </test-method> <!-- BM -->
        <test-method signature="addStudent()[pri:0, instance:com.education.Student.AddStudentTest@79e2c065]" started-at="2023-05-29T14:48:43 IST" name="addStudent" finished-at="2023-05-29T14:48:54 IST" duration-ms="10459" status="PASS">
          <reporter-output>
            <line>
              <![CDATA[admin dashboard is displaying]]>
            </line>
            <line>
              <![CDATA[add student page is displaying]]>
            </line>
            <line>
              <![CDATA[student is created]]>
            </line>
          </reporter-output>
        </test-method> <!-- addStudent -->
        <test-method is-config="true" signature="AM()[pri:0, instance:com.education.Student.AddStudentTest@79e2c065]" started-at="2023-05-29T14:48:54 IST" name="AM" finished-at="2023-05-29T14:48:54 IST" duration-ms="471" status="PASS">
          <reporter-output>
          </reporter-output>
        </test-method> <!-- AM -->
        <test-method is-config="true" signature="AClass()[pri:0, instance:com.education.Student.AddStudentTest@79e2c065]" started-at="2023-05-29T14:48:54 IST" name="AClass" finished-at="2023-05-29T14:48:56 IST" duration-ms="1565" status="PASS">
          <reporter-output>
          </reporter-output>
        </test-method> <!-- AClass -->
        <test-method is-config="true" signature="AS()[pri:0, instance:com.education.Student.AddStudentTest@79e2c065]" started-at="2023-05-29T14:48:56 IST" name="AS" finished-at="2023-05-29T14:48:56 IST" duration-ms="1" status="PASS">
          <reporter-output>
          </reporter-output>
        </test-method> <!-- AS -->
      </class> <!-- com.education.Student.AddStudentTest -->
    </test> <!-- Default test -->
  </suite> <!-- Default suite -->
</testng-results>
